<?xml version="1.0" encoding="UTF-8"?>
<beans xmlns="http://www.springframework.org/schema/beans"
       xmlns:xsi="http://www.w3.org/2001/XMLSchema-instance" xmlns:jpa="http://www.springframework.org/schema/data/jpa"
       xmlns:context="http://www.springframework.org/schema/context"
       xsi:schemaLocation="http://www.springframework.org/schema/beans http://www.springframework.org/schema/beans/spring-beans.xsd http://www.springframework.org/schema/data/jpa http://www.springframework.org/schema/data/jpa/spring-jpa.xsd http://www.springframework.org/schema/context http://www.springframework.org/schema/context/spring-context.xsd">

       <context:component-scan base-package="ru.sbt.bpm.mock.logging"/>
       <jpa:repositories base-package="ru.sbt.bpm.mock.logging.repository"/>

       <bean id="entityManagerFactory" class="org.springframework.orm.jpa.LocalContainerEntityManagerFactoryBean">
              <property name="dataSource" ref="dataSource"/>
              <property name="packagesToScan" value="ru.sbt.bpm.mock.logging"/>
              <property name="jpaDialect">
                     <bean class="org.springframework.orm.jpa.vendor.EclipseLinkJpaDialect"/>
              </property>
              <property name="jpaVendorAdapter">
                     <bean class="org.springframework.orm.jpa.vendor.EclipseLinkJpaVendorAdapter">
                            <property name="generateDdl" value="true"/>
                            <property name="database" value="H2"/>
                            <property name="showSql" value="true"/>
                            <property name="databasePlatform" value="org.eclipse.persistence.platform.database.H2Platform"/>
                     </bean>
              </property>
              <property name="jpaPropertyMap">
                     <map>
                            <entry key="eclipselink.weaving" value="false"/>
                            <entry key="eclipselink.cache.shared.default" value="false"/>
                     </map>
              </property>
       </bean>

       <bean id="dataSource" class="org.springframework.jdbc.datasource.DriverManagerDataSource">
              <property name="driverClassName" value="org.h2.Driver"/>
              <property name="url" value="jdbc:h2:./target/mock;AUTO_SERVER=TRUE"/>
              <property name="username" value="test"/>
              <property name="password" value="test"/>
       </bean>

       <bean id="transactionManager" class="org.springframework.orm.jpa.JpaTransactionManager">
              <property name="entityManagerFactory" ref="entityManagerFactory"/>
              <property name="dataSource" ref="dataSource"/>
       </bean>
</beans>